Arguments: 
  C:\Program Files\nodejs\node.exe C:\Users\user\AppData\Roaming\npm\node_modules\yarn\bin\yarn.js add dts-webpack-bundler

PATH: 
  C:\Python39\Scripts\;C:\Python39\;C:\Windows\system32;C:\Windows;C:\Windows\System32\Wbem;C:\Windows\System32\WindowsPowerShell\v1.0\;C:\Windows\System32\OpenSSH\;C:\Program Files\Git\cmd;C:\ProgramData\chocolatey\bin;C:\Program Files\nodejs\;E:\微信web开发者工具\dll;C:\Users\user\.cargo\bin;C:\Users\user\AppData\Local\Microsoft\WindowsApps;g:\Program Files\JetBrains\WebStorm 2021.1.2\bin;;C:\Users\user\AppData\Roaming\npm;C:\Users\user\Desktop\rpa\dist\AosServer;C:\Users\user\Desktop\rpa\setup\dist\aossetup;C:\Users\my\Desktop\workstation\document\setup\dist\aossetup;E:\Microsoft VS Code\bin

Yarn version: 
  1.22.11

Node version: 
  16.13.1

Platform: 
  win32 x64

Trace: 
  Error: ENOENT: no such file or directory, copyfile 'C:\Users\user\AppData\Local\Yarn\Cache\v6\npm-ms-2.1.2-d09d1f357b443f493382a8eb3ccd183872ae6009-integrity\node_modules\ms\package.json' -> 'G:\project\@aos-cli\cli\packages\webpack\node_modules\@babel\core\node_modules\ms\package.json'

npm manifest: 
  {
    "name": "@aos-cli/webpack",
    "version": "6.0.2",
    "description": "development tools.",
    "main": "./dist/index.js",
    "types": "./dist/index.d.ts",
    "bin": {
      "aos_theme": "bin/cli-theme.js",
      "aos_webpack": "bin/cli-webpack.js",
      "aos-cli-service": "bin/cli-webpack.js"
    },
    "scripts": {
      "serve": "tsc --watch",
      "build": "tsc",
      "links": "npm link ../cli-utils & npm uninstall html-webpack-plugin webpack webpack-dev-server webpack-merge vue vue-loader css-loader vue-style-loader less less-loader postcss postcss-loader postcss-preset-env autoprefixer mini-css-extract-plugin terser-webpack-plugin copy-webpack-plugin babel-loader @babel/core @babel/preset-env css-minimizer-webpack-plugin eslint-webpack-plugin eslint vue-eslint-parser @typescript-eslint/eslint-plugin @typescript-eslint/parser eslint-config-airbnb-base eslint-plugin-import eslint-plugin-vue eslint-import-resolver-webpack url-loader fork-ts-checker-webpack-plugin @babel/plugin-syntax-decorators  --no-save"
    },
    "author": "WJ",
    "license": "ISC",
    "files": [
      "bin",
      "dist/"
    ],
    "peerDependencies": {
      "@babel/core": "^7.20.2",
      "@babel/plugin-syntax-decorators": "^7.19.0",
      "@babel/preset-env": "^7.20.2",
      "@types/node": "^18.11.9",
      "@typescript-eslint/eslint-plugin": "^5.44.0",
      "@typescript-eslint/parser": "^5.44.0",
      "autoprefixer": "9.8.0",
      "babel-loader": "8.2.2",
      "css-loader": "^6.7.2",
      "css-minimizer-webpack-plugin": "3.4.1",
      "eslint": "^8.28.0",
      "eslint-config-airbnb-base": "^15.0.0",
      "eslint-import-resolver-webpack": "^0.13.2",
      "eslint-plugin-import": "^2.26.0",
      "eslint-plugin-vue": "8.2.0",
      "eslint-webpack-plugin": "^3.2.0",
      "fork-ts-checker-webpack-plugin": "^7.2.13",
      "html-webpack-plugin": "^5.5.0",
      "less": "4.0.0",
      "less-loader": "8.0.0",
      "mini-css-extract-plugin": "^2.7.0",
      "postcss": "7.0.0",
      "postcss-loader": "3.0.0",
      "postcss-preset-env": "6.7.0",
      "terser-webpack-plugin": "^5.3.6",
      "thread-loader": "^3.0.4",
      "ts-loader": "^9.4.1",
      "typescript": "^4.9.3",
      "url-loader": "^4.1.1",
      "vue-eslint-parser": "8.0.1",
      "vue-style-loader": "^4.1.3",
      "webpack": "^5.75.0",
      "webpack-dev-server": "^4.11.1",
      "webpack-merge": "^5.8.0"
    },
    "dependencies": {
      "@aos-cli/utils": "workspace:^6.0.2",
      "@babel/generator": "^7.20.5",
      "@babel/parser": "^7.20.5",
      "@babel/traverse": "^7.20.5",
      "@babel/types": "^7.20.5",
      "@rollup/plugin-babel": "^6.0.3",
      "@rollup/plugin-commonjs": "^24.0.1",
      "@rollup/plugin-node-resolve": "^15.0.1",
      "rollup-plugin-terser": "^7.0.2",
      "copy-webpack-plugin": "^11.0.0",
      "css-minimizer-webpack-plugin": "^4.2.2",
      "fork-ts-checker-webpack-plugin": "^8.0.0",
      "html-webpack-plugin": "^5.5.0",
      "less": "4.0.0",
      "lodash": "^4.17.21",
      "mini-css-extract-plugin": "^2.7.5",
      "minimist": "^1.2.7",
      "rollup": "^3.19.1",
      "terser-webpack-plugin": "^5.3.7",
      "thread-loader": "^3.0.4",
      "webpack": "^5.76.3",
      "webpack-chain": "^6.5.1",
      "webpack-dev-server": "^4.13.1",
      "webpack-merge": "^5.8.0",
      "webpack-sources": "^3.2.3"
    },
    "devDependencies": {
      "@babel/core": "7.20.2",
      "@types/lodash": "^4.14.191",
      "autoprefixer": "^9.8.0",
      "css-loader": "6.7.2",
      "eslint-webpack-plugin": "^4.0.0",
      "postcss": "7.0.0",
      "postcss-loader": "3.0.0",
      "postcss-preset-env": "^6.7.0",
      "vue-loader": "^15.10.0"
    }
  }

yarn manifest: 
  No manifest

Lockfile: 
  No lockfile
